2370000000
2370000000
3370000000
3470000000
3471000000
4471000000
4571000000
4572000000
5572000000
5672000000
5673000000
6673000000
6773000000
6774000000
7774000000
7874000000
7875000000
8875000000
8975000000
8976000000
9976000000
91076000000
91077000000
101077000000
101078000000
111078000000
111079000000
121079000000
1210710000000
1210810000000
1210811000000
1210911000000
1210912000000
12101012000000
12101013000000
12101113000000
12101114000000
12101214000000
12101215000000
15101215000000
1501215000000
150015000000
15000000000
